<?xml version="1.0" encoding="UTF-8"?>
<!-- Generated by org.testng.reporters.JUnitXMLReporter -->
<testsuite ignored="0" hostname="jPogi" failures="1" tests="1" name="Default test" time="110.896" errors="0" timestamp="2025-07-22T16:49:18 NZST">
  <testcase classname="io.cucumber.testng.AbstractTestNGCucumberTests" name="runScenario" time="110.281">
    <failure type="java.lang.AssertionError" message="❌ Element not found after 40 scrolls: By.xpath: //android.widget.TextView[@resource-id=&amp;quot;org.wikipedia:id/page_list_item_title&amp;quot; and @text=&amp;quot;Scroll Serpent&amp;quot;]">
      <![CDATA[java.lang.AssertionError: ❌ Element not found after 40 scrolls: By.xpath: //android.widget.TextView[@resource-id="org.wikipedia:id/page_list_item_title" and @text="Scroll Serpent"]
at appiumJava.testqa.utils.CommonActions.scrollToElement(CommonActions.java:248)
at appiumJava.testqa.pages.ScrollSearchListAppPage.scrollUntilScrollSerpentVisible(ScrollSearchListAppPage.java:23)
at appiumJava.testqa.stepdefinitions.ScrollSearchListAppSteps.i_scroll_until_i_see_in_the_search_list(ScrollSearchListAppSteps.java:28)
at ✽.I scroll until I see "Scroll Serpent" in the search list(file:///C:/Users/Jerome/eclipse-workspace/testqa/src/test/resources/features/scrollSearchList.feature:13)
]]>
    </failure>
  </testcase> <!-- runScenario -->
</testsuite> <!-- Default test -->
