<?xml version="1.0" encoding="UTF-8"?>
<testng-results ignored="0" total="1" passed="0" failed="1" skipped="0">
  <reporter-output>
  </reporter-output>
  <suite started-at="2025-07-22T16:47:27 NZST" name="Default suite" finished-at="2025-07-22T16:49:18 NZST" duration-ms="110896">
    <groups>
      <group name="cucumber">
        <method signature="AbstractTestNGCucumberTests.runScenario(io.cucumber.testng.PickleWrapper,io.cucumber.testng.FeatureWrapper)[pri:0, instance:appiumJava.testqa.runners.TestRunner@4b2bac3f]" name="runScenario" class="io.cucumber.testng.AbstractTestNGCucumberTests"/>
      </group> <!-- cucumber -->
    </groups>
    <test started-at="2025-07-22T16:47:27 NZST" name="Default test" finished-at="2025-07-22T16:49:18 NZST" duration-ms="110896">
      <class name="appiumJava.testqa.runners.TestRunner">
        <test-method is-config="true" signature="setUpClass(org.testng.ITestContext)[pri:0, instance:appiumJava.testqa.runners.TestRunner@4b2bac3f]" started-at="2025-07-22T16:47:28 NZST" name="setUpClass" finished-at="2025-07-22T16:47:28 NZST" duration-ms="548" status="PASS">
          <params>
            <param index="0">
              <value>
                <![CDATA[org.testng.TestRunner@12fcc71f]]>
              </value>
            </param>
          </params>
          <reporter-output>
          </reporter-output>
        </test-method> <!-- setUpClass -->
        <test-method signature="runScenario(io.cucumber.testng.PickleWrapper,io.cucumber.testng.FeatureWrapper)[pri:0, instance:appiumJava.testqa.runners.TestRunner@4b2bac3f]" started-at="2025-07-22T16:47:28 NZST" name="runScenario" description="Runs Cucumber Scenarios" data-provider="scenarios" finished-at="2025-07-22T16:49:18 NZST" duration-ms="110281" status="FAIL">
          <params>
            <param index="0">
              <value>
                <![CDATA["Scroll until "Scroll Serpent" appears in the search list"]]>
              </value>
            </param>
            <param index="1">
              <value>
                <![CDATA["Scroll through search results until the target element is visible"]]>
              </value>
            </param>
          </params>
          <exception class="java.lang.AssertionError">
            <message>
              <![CDATA[❌ Element not found after 40 scrolls: By.xpath: //android.widget.TextView[@resource-id="org.wikipedia:id/page_list_item_title" and @text="Scroll Serpent"]]]>
            </message>
            <full-stacktrace>
              <![CDATA[java.lang.AssertionError: ❌ Element not found after 40 scrolls: By.xpath: //android.widget.TextView[@resource-id="org.wikipedia:id/page_list_item_title" and @text="Scroll Serpent"]
at appiumJava.testqa.utils.CommonActions.scrollToElement(CommonActions.java:248)
at appiumJava.testqa.pages.ScrollSearchListAppPage.scrollUntilScrollSerpentVisible(ScrollSearchListAppPage.java:23)
at appiumJava.testqa.stepdefinitions.ScrollSearchListAppSteps.i_scroll_until_i_see_in_the_search_list(ScrollSearchListAppSteps.java:28)
at ✽.I scroll until I see "Scroll Serpent" in the search list(file:///C:/Users/Jerome/eclipse-workspace/testqa/src/test/resources/features/scrollSearchList.feature:13)
]]>
            </full-stacktrace>
          </exception> <!-- java.lang.AssertionError -->
          <reporter-output>
          </reporter-output>
        </test-method> <!-- runScenario -->
        <test-method is-config="true" signature="tearDownClass()[pri:0, instance:appiumJava.testqa.runners.TestRunner@4b2bac3f]" started-at="2025-07-22T16:49:18 NZST" name="tearDownClass" finished-at="2025-07-22T16:49:18 NZST" duration-ms="29" status="PASS">
          <reporter-output>
          </reporter-output>
        </test-method> <!-- tearDownClass -->
      </class> <!-- appiumJava.testqa.runners.TestRunner -->
    </test> <!-- Default test -->
  </suite> <!-- Default suite -->
</testng-results>
