<?xml version="1.0" encoding="UTF-8"?>
<!-- Generated by org.testng.reporters.JUnitReportReporter -->
<testsuite hostname="jPogi" failures="1" tests="1" name="appiumJava.testqa.runners.TestRunner" time="110.281" errors="0" timestamp="2025-07-22T16:49:18 NZST" skipped="0">
  <testcase classname="appiumJava.testqa.runners.TestRunner" name="runScenario" time="110.281">
    <failure message="❌ Element not found after 40 scrolls: By.xpath: //android.widget.TextView[@resource-id=&quot;org.wikipedia:id/page_list_item_title&quot; and @text=&quot;Scroll Serpent&quot;]" type="java.lang.AssertionError">
      <![CDATA[java.lang.AssertionError: ❌ Element not found after 40 scrolls: By.xpath: //android.widget.TextView[@resource-id="org.wikipedia:id/page_list_item_title" and @text="Scroll Serpent"]
at appiumJava.testqa.utils.CommonActions.scrollToElement(CommonActions.java:248)
at appiumJava.testqa.pages.ScrollSearchListAppPage.scrollUntilScrollSerpentVisible(ScrollSearchListAppPage.java:23)
at appiumJava.testqa.stepdefinitions.ScrollSearchListAppSteps.i_scroll_until_i_see_in_the_search_list(ScrollSearchListAppSteps.java:28)
at ✽.I scroll until I see "Scroll Serpent" in the search list(file:///C:/Users/Jerome/eclipse-workspace/testqa/src/test/resources/features/scrollSearchList.feature:13)
]]>
    </failure>
  </testcase> <!-- runScenario -->
</testsuite> <!-- appiumJava.testqa.runners.TestRunner -->
